<?xml version="1.0" encoding="UTF-8"?>
<testsuite name="com.lind.basic.util.SerializableTest" tests="1" skipped="0" failures="0" errors="0" timestamp="2019-01-08T08:17:41" hostname="MacBook-Pro-6.local" time="0.237">
  <properties/>
  <testcase name="read" classname="com.lind.basic.util.SerializableTest" time="0.237"/>
  <system-out><![CDATA[___  ___       ______         _    _        ______  _             
|  \/  |       | ___ \       | |  (_)       | ___ \| |            
| .  . | _   _ | |_/ /  __ _ | |_  _  ___   | |_/ /| | _   _  ___ 
| |\/| || | | || ___ \ / _` || __|| |/ __|  |  __/ | || | | |/ __|
| |  | || |_| || |_/ /| (_| || |_ | |\__ \  | |    | || |_| |\__ \
\_|  |_/ \__, |\____/  \__,_| \__||_||___/  \_|    |_| \__,_||___/
          __/ |                                                   
         |___/                                              3.0.1

name: 1000
data: {"name":"张三","code":"001"}
]]></system-out>
  <system-err><![CDATA[]]></system-err>
</testsuite>
