<?xml version="1.0" encoding="UTF-8"?>
<testsuite name="com.lind.basic.util.BitOperationTest" tests="1" skipped="0" failures="0" errors="0" timestamp="2019-01-08T08:17:52" hostname="MacBook-Pro-6.local" time="0.0">
  <properties/>
  <testcase name="leftMove" classname="com.lind.basic.util.BitOperationTest" time="0.0"/>
  <system-out><![CDATA[10<<1=20
10<<2=40
10<<3=80
3<<1=6
3<<2=12
3<<3=24
]]></system-out>
  <system-err><![CDATA[]]></system-err>
</testsuite>
