<?xml version="1.0" encoding="UTF-8"?>
<testsuite name="com.lind.basic.util.SnowflakeIdWorkerTest" tests="1" skipped="0" failures="0" errors="0" timestamp="2019-01-08T08:17:52" hostname="MacBook-Pro-6.local" time="0.001">
  <properties/>
  <testcase name="bulkId" classname="com.lind.basic.util.SnowflakeIdWorkerTest" time="0.001"/>
  <system-out><![CDATA[532231475999801344
532231476003995648
532231476003995649
532231476003995650
532231476003995651
532231476003995652
532231476003995653
532231476003995654
532231476003995655
532231476003995656
]]></system-out>
  <system-err><![CDATA[]]></system-err>
</testsuite>
