<?xml version="1.0" encoding="UTF-8"?>
<testsuite name="com.lind.basic.nosql.MongoDbTest" tests="1" skipped="0" failures="0" errors="0" timestamp="2019-01-08T08:17:57" hostname="MacBook-Pro-6.local" time="0.276">
  <properties/>
  <testcase name="add" classname="com.lind.basic.nosql.MongoDbTest" time="0.276"/>
  <system-out><![CDATA[2019-01-08 16:17:57.341  INFO 86658 --- [    Test worker] o.s.t.c.s.DefaultTestContextBootstrapper : Neither @ContextConfiguration nor @ContextHierarchy found for test class [com.lind.basic.nosql.MongoDbTest], using DelegatingSmartContextLoader
2019-01-08 16:17:57.341  INFO 86658 --- [    Test worker] o.s.t.c.support.AbstractContextLoader    : Could not detect default resource locations for test class [com.lind.basic.nosql.MongoDbTest]: no resource found for suffixes {-context.xml}.
2019-01-08 16:17:57.342  INFO 86658 --- [    Test worker] t.c.s.AnnotationConfigContextLoaderUtils : Could not detect default configuration classes for test class [com.lind.basic.nosql.MongoDbTest]: MongoDbTest does not declare any static, non-private, non-final, nested classes annotated with @Configuration.
2019-01-08 16:17:57.344  INFO 86658 --- [    Test worker] o.s.t.c.s.DefaultTestContextBootstrapper : Loaded default TestExecutionListener class names from location [META-INF/spring.factories]: [org.springframework.boot.test.autoconfigure.restdocs.RestDocsTestExecutionListener, org.springframework.boot.test.autoconfigure.web.client.MockRestServiceServerResetTestExecutionListener, org.springframework.boot.test.autoconfigure.web.servlet.MockMvcPrintOnlyOnFailureTestExecutionListener, org.springframework.boot.test.autoconfigure.web.servlet.WebDriverTestExecutionListener, org.springframework.boot.test.mock.mockito.MockitoTestExecutionListener, org.springframework.boot.test.mock.mockito.ResetMocksTestExecutionListener, org.springframework.test.context.web.ServletTestExecutionListener, org.springframework.test.context.support.DirtiesContextBeforeModesTestExecutionListener, org.springframework.test.context.support.DependencyInjectionTestExecutionListener, org.springframework.test.context.support.DirtiesContextTestExecutionListener, org.springframework.test.context.transaction.TransactionalTestExecutionListener, org.springframework.test.context.jdbc.SqlScriptsTestExecutionListener]
2019-01-08 16:17:57.344  INFO 86658 --- [    Test worker] o.s.t.c.s.DefaultTestContextBootstrapper : Using TestExecutionListeners: [org.springframework.test.context.web.ServletTestExecutionListener@52cff88c, org.springframework.test.context.support.DirtiesContextBeforeModesTestExecutionListener@6436a90e, org.springframework.boot.test.mock.mockito.MockitoTestExecutionListener@4d2662db, org.springframework.test.context.support.DependencyInjectionTestExecutionListener@3308efa2, org.springframework.test.context.support.DirtiesContextTestExecutionListener@1eae7ad7, org.springframework.test.context.transaction.TransactionalTestExecutionListener@4f01ced5, org.springframework.test.context.jdbc.SqlScriptsTestExecutionListener@31cf4d54, org.springframework.boot.test.autoconfigure.restdocs.RestDocsTestExecutionListener@45ced130, org.springframework.boot.test.autoconfigure.web.client.MockRestServiceServerResetTestExecutionListener@285b739c, org.springframework.boot.test.autoconfigure.web.servlet.MockMvcPrintOnlyOnFailureTestExecutionListener@696d6724, org.springframework.boot.test.autoconfigure.web.servlet.WebDriverTestExecutionListener@220322b0, org.springframework.boot.test.mock.mockito.ResetMocksTestExecutionListener@11f72091]
2019-01-08 16:17:57.345 ERROR 86658 --- [      Thread-31] com.lind.basic.config.RedisLock          : redisLock.error

java.lang.NumberFormatException: For input string: "test"
	at java.lang.NumberFormatException.forInputString(NumberFormatException.java:65) ~[na:1.8.0_171]
	at java.lang.Long.parseLong(Long.java:589) ~[na:1.8.0_171]
	at java.lang.Long.parseLong(Long.java:631) ~[na:1.8.0_171]
	at com.lind.basic.config.RedisLock.lock(RedisLock.java:46) ~[main/:na]
	at com.lind.basic.nosql.RedisTest.queue(RedisTest.java:41) [test/:na]
	at com.lind.basic.nosql.RedisTest.lambda$distributeLock$0(RedisTest.java:52) [test/:na]
	at java.lang.Thread.run(Thread.java:748) ~[na:1.8.0_171]

print synchronized result:2019-01-08T16:17:57.346,id:64
2019-01-08 16:17:57.347 ERROR 86658 --- [      Thread-31] com.lind.basic.config.RedisLock          : redisLock.error

java.lang.NumberFormatException: For input string: "test"
	at java.lang.NumberFormatException.forInputString(NumberFormatException.java:65) ~[na:1.8.0_171]
	at java.lang.Long.parseLong(Long.java:589) ~[na:1.8.0_171]
	at java.lang.Long.parseLong(Long.java:631) ~[na:1.8.0_171]
	at com.lind.basic.config.RedisLock.lock(RedisLock.java:46) ~[main/:na]
	at com.lind.basic.nosql.RedisTest.queue(RedisTest.java:41) [test/:na]
	at com.lind.basic.nosql.RedisTest.lambda$distributeLock$0(RedisTest.java:52) [test/:na]
	at java.lang.Thread.run(Thread.java:748) ~[na:1.8.0_171]

print synchronized result:2019-01-08T16:17:57.347,id:64
2019-01-08 16:17:57.350 ERROR 86658 --- [      Thread-31] com.lind.basic.config.RedisLock          : redisLock.error

java.lang.NumberFormatException: For input string: "test"
	at java.lang.NumberFormatException.forInputString(NumberFormatException.java:65) ~[na:1.8.0_171]
	at java.lang.Long.parseLong(Long.java:589) ~[na:1.8.0_171]
	at java.lang.Long.parseLong(Long.java:631) ~[na:1.8.0_171]
	at com.lind.basic.config.RedisLock.lock(RedisLock.java:46) ~[main/:na]
	at com.lind.basic.nosql.RedisTest.queue(RedisTest.java:41) [test/:na]
	at com.lind.basic.nosql.RedisTest.lambda$distributeLock$0(RedisTest.java:52) [test/:na]
	at java.lang.Thread.run(Thread.java:748) ~[na:1.8.0_171]

print synchronized result:2019-01-08T16:17:57.350,id:64
2019-01-08 16:17:57.354 ERROR 86658 --- [      Thread-31] com.lind.basic.config.RedisLock          : redisLock.error

java.lang.NumberFormatException: For input string: "test"
	at java.lang.NumberFormatException.forInputString(NumberFormatException.java:65) ~[na:1.8.0_171]
	at java.lang.Long.parseLong(Long.java:589) ~[na:1.8.0_171]
	at java.lang.Long.parseLong(Long.java:631) ~[na:1.8.0_171]
	at com.lind.basic.config.RedisLock.lock(RedisLock.java:46) ~[main/:na]
	at com.lind.basic.nosql.RedisTest.queue(RedisTest.java:41) [test/:na]
	at com.lind.basic.nosql.RedisTest.lambda$distributeLock$0(RedisTest.java:52) [test/:na]
	at java.lang.Thread.run(Thread.java:748) ~[na:1.8.0_171]

print synchronized result:2019-01-08T16:17:57.354,id:64
2019-01-08 16:17:57.356 ERROR 86658 --- [      Thread-31] com.lind.basic.config.RedisLock          : redisLock.error

java.lang.NumberFormatException: For input string: "test"
	at java.lang.NumberFormatException.forInputString(NumberFormatException.java:65) ~[na:1.8.0_171]
	at java.lang.Long.parseLong(Long.java:589) ~[na:1.8.0_171]
	at java.lang.Long.parseLong(Long.java:631) ~[na:1.8.0_171]
	at com.lind.basic.config.RedisLock.lock(RedisLock.java:46) ~[main/:na]
	at com.lind.basic.nosql.RedisTest.queue(RedisTest.java:41) [test/:na]
	at com.lind.basic.nosql.RedisTest.lambda$distributeLock$0(RedisTest.java:52) [test/:na]
	at java.lang.Thread.run(Thread.java:748) ~[na:1.8.0_171]

print synchronized result:2019-01-08T16:17:57.356,id:64
print synchronized result:2019-01-08T16:17:57.357,id:63
print synchronized result:2019-01-08T16:17:57.357,id:63
print synchronized result:2019-01-08T16:17:57.357,id:63
print synchronized result:2019-01-08T16:17:57.357,id:63
print synchronized result:2019-01-08T16:17:57.357,id:63
print synchronized result:2019-01-08T16:17:57.358,id:63
print synchronized result:2019-01-08T16:17:57.359,id:63
print synchronized result:2019-01-08T16:17:57.359,id:63
print synchronized result:2019-01-08T16:17:57.359,id:63
print synchronized result:2019-01-08T16:17:57.359,id:63
print synchronized result:2019-01-08T16:17:57.360,id:63
print synchronized result:2019-01-08T16:17:57.360,id:63
print synchronized result:2019-01-08T16:17:57.360,id:63
print synchronized result:2019-01-08T16:17:57.360,id:63
print synchronized result:2019-01-08T16:17:57.360,id:63
print synchronized result:2019-01-08T16:17:57.361,id:63
print synchronized result:2019-01-08T16:17:57.361,id:63
print synchronized result:2019-01-08T16:17:57.362,id:63
print synchronized result:2019-01-08T16:17:57.362,id:63
print synchronized result:2019-01-08T16:17:57.362,id:63
print synchronized result:2019-01-08T16:17:57.364,id:63
print synchronized result:2019-01-08T16:17:57.364,id:63
print synchronized result:2019-01-08T16:17:57.364,id:63
print synchronized result:2019-01-08T16:17:57.364,id:63
print synchronized result:2019-01-08T16:17:57.364,id:63
2019-01-08 16:17:57.473  INFO 86658 --- [       Thread-7] o.s.b.a.mongo.embedded.EmbeddedMongo     : 2019-01-08T16:17:57.473+0800 I NETWORK  [initandlisten] connection accepted from 127.0.0.1:64953 #2 (2 connections now open)
2019-01-08 16:17:57.475  INFO 86658 --- [    Test worker] org.mongodb.driver.connection            : Opened connection [connectionId{localValue:4, serverValue:2}] to localhost:64899
]]></system-out>
  <system-err><![CDATA[]]></system-err>
</testsuite>
