<?xml version="1.0" encoding="UTF-8"?>
<testsuite name="com.lind.basic.util.ResourceTest" tests="1" skipped="0" failures="0" errors="0" timestamp="2019-01-08T08:17:52" hostname="MacBook-Pro-6.local" time="0.081">
  <properties/>
  <testcase name="readFile" classname="com.lind.basic.util.ResourceTest" time="0.081"/>
  <system-out><![CDATA[]]></system-out>
  <system-err><![CDATA[]]></system-err>
</testsuite>
