<?xml version="1.0" encoding="UTF-8"?>
<testsuite name="com.lind.basic.util.LinkedListQueueStack" tests="3" skipped="0" failures="0" errors="0" timestamp="2019-01-08T08:17:52" hostname="MacBook-Pro-6.local" time="0.0">
  <properties/>
  <testcase name="queue" classname="com.lind.basic.util.LinkedListQueueStack" time="0.0"/>
  <testcase name="stack" classname="com.lind.basic.util.LinkedListQueueStack" time="0.0"/>
  <testcase name="linkList" classname="com.lind.basic.util.LinkedListQueueStack" time="0.0"/>
  <system-out><![CDATA[]]></system-out>
  <system-err><![CDATA[]]></system-err>
</testsuite>
