<?xml version="1.0" encoding="UTF-8"?>
<testsuite name="com.lind.basic.util.StringTest" tests="3" skipped="0" failures="0" errors="0" timestamp="2019-01-08T08:17:52" hostname="MacBook-Pro-6.local" time="0.004">
  <properties/>
  <testcase name="stringTrim" classname="com.lind.basic.util.StringTest" time="0.001"/>
  <testcase name="longEquals" classname="com.lind.basic.util.StringTest" time="0.003"/>
  <testcase name="substring" classname="com.lind.basic.util.StringTest" time="0.0"/>
  <system-out><![CDATA[]]></system-out>
  <system-err><![CDATA[]]></system-err>
</testsuite>
